<?xml version="1.0" encoding="UTF-8"?>
<testsuite xmlns:xsi="http://www.w3.org/2001/XMLSchema-instance" xsi:noNamespaceSchemaLocation="https://maven.apache.org/surefire/maven-surefire-plugin/xsd/surefire-test-report.xsd" name="UserTest" time="10.734" tests="2" errors="2" skipped="0" failures="0">
  <properties>
[...]
</properties>
  <testcase name="testFindAll" classname="UserTest" time="0.371">
    <error message="USER" type="org.dbunit.dataset.NoSuchTableException">org.dbunit.dataset.NoSuchTableException: USER
	at UserTest.seedData(UserTest.java:71)
	at UserTest.initTransaction(UserTest.java:55)
</error>
    <system-out><![CDATA[[EL Info]: 2019-06-30 16:29:51.753--ServerSession(1963862935)--Thread(Thread[main,5,main])--EclipseLink, version: Eclipse Persistence Services - 2.5.2.v20140319-9ad6abd
[EL Config]: connection: 2019-06-30 16:29:51.793--ServerSession(1963862935)--Connection(1833789138)--Thread(Thread[main,5,main])--connecting(DatabaseLogin(
	platform=>H2Platform
	user name=> "sa"
	datasource URL=> "jdbc:h2:mem://localhost:9101/dbunit;create=true"
))
[EL Config]: connection: 2019-06-30 16:29:52.694--ServerSession(1963862935)--Connection(573200870)--Thread(Thread[main,5,main])--Connected: jdbc:h2:mem://localhost:9101/dbunit
	User: SA
	Database: H2  Version: 1.3.174 (2013-10-19)
	Driver: H2 JDBC Driver  Version: 1.3.174 (2013-10-19)
[EL Info]: connection: 2019-06-30 16:29:52.722--ServerSession(1963862935)--Thread(Thread[main,5,main])--file:/C:/Users/Admin/Desktop/Code/DASA/Tuto5/JPA2Tut/target/test-classes/_USER login successful
[EL Warning]: metamodel: 2019-06-30 16:29:52.898--Thread(Thread[main,5,main])--The collection of metamodel types is empty. Model classes may not have been found during entity search for Java SE and some Java EE container managed persistence units.  Please verify that your entity classes are referenced in persistence.xml using either <class> elements or a global <exclude-unlisted-classes>false</exclude-unlisted-classes> element
16:29:53.219 [main] ERROR org.dbunit.database.DatabaseDataSet - Table 'USER' not found in tableMap=org.dbunit.dataset.OrderedTableNameMap[_tableNames=[], _tableMap={}, _caseSensitiveTableNames=false]
]]></system-out>
    <system-err><![CDATA[ERROR StatusLogger No log4j2 configuration file found. Using default configuration: logging only errors to the console.
]]></system-err>
  </testcase>
  <testcase name="addTwoUsers" classname="UserTest" time="0.027">
    <error message="USER" type="org.dbunit.dataset.NoSuchTableException">org.dbunit.dataset.NoSuchTableException: USER
	at UserTest.seedData(UserTest.java:71)
	at UserTest.initTransaction(UserTest.java:55)
</error>
    <system-out><![CDATA[16:29:53.319 [main] ERROR org.dbunit.database.DatabaseDataSet - Table 'USER' not found in tableMap=org.dbunit.dataset.OrderedTableNameMap[_tableNames=[], _tableMap={}, _caseSensitiveTableNames=false]
]]></system-out>
  </testcase>
</testsuite>